<?xml version="1.0" encoding="UTF-8"?>
<!-- Generated by org.testng.reporters.JUnitXMLReporter -->
<testsuite ignored="0" hostname="HP-15s" failures="5" tests="9" name="LoginTest" time="68.23" errors="0" timestamp="2025-08-08T15:00:15 IST">
  <testcase classname="io.cucumber.testng.AbstractTestNGCucumberTests" name="runScenario" time="11.961"/>
  <testcase classname="io.cucumber.testng.AbstractTestNGCucumberTests" name="runScenario" time="6.878"/>
  <testcase classname="io.cucumber.testng.AbstractTestNGCucumberTests" name="runScenario" time="7.058">
    <failure type="java.lang.AssertionError" message="expected [Invalid Email Id] but found []">
      <![CDATA[java.lang.AssertionError: expected [Invalid Email Id] but found []
at stepDefinations.BookingTest.validation_error_for_invalid_email_id_should_be_shown(BookingTest.java:95)
at ✽.validation error for invalid email id should be shown(file:///D:/EclipseProjects/event-management-system/src/test/resources/features/booking.feature:23)
... Removed 6 stack frames]]>
    </failure>
  </testcase> <!-- runScenario -->
  <testcase classname="io.cucumber.testng.AbstractTestNGCucumberTests" name="runScenario" time="6.806">
    <failure type="java.lang.AssertionError" message="expected [Guests Cannot be Zero] but found []">
      <![CDATA[java.lang.AssertionError: expected [Guests Cannot be Zero] but found []
at stepDefinations.BookingTest.validation_error_for_guests_should_be_shown(BookingTest.java:110)
at ✽.validation error for 0 guests should be shown(file:///D:/EclipseProjects/event-management-system/src/test/resources/features/booking.feature:29)
... Removed 6 stack frames]]>
    </failure>
  </testcase> <!-- runScenario -->
  <testcase classname="io.cucumber.testng.AbstractTestNGCucumberTests" name="runScenario" time="6.802">
    <failure type="java.lang.AssertionError" message="expected [Invalid Phone Number] but found []">
      <![CDATA[java.lang.AssertionError: expected [Invalid Phone Number] but found []
at stepDefinations.BookingTest.validation_error_for_invalid_phone_number_should_be_shown(BookingTest.java:124)
at ✽.validation error for invalid phone number should be shown(file:///D:/EclipseProjects/event-management-system/src/test/resources/features/booking.feature:35)
... Removed 6 stack frames]]>
    </failure>
  </testcase> <!-- runScenario -->
  <testcase classname="io.cucumber.testng.AbstractTestNGCucumberTests" name="runScenario" time="6.741">
    <failure type="java.lang.AssertionError" message="expected [Invalid Pincode] but found []">
      <![CDATA[java.lang.AssertionError: expected [Invalid Pincode] but found []
at stepDefinations.BookingTest.validation_error_for_invalid_pincode_should_be_shown(BookingTest.java:138)
at ✽.validation error for invalid pincode should be shown(file:///D:/EclipseProjects/event-management-system/src/test/resources/features/booking.feature:41)
... Removed 6 stack frames]]>
    </failure>
  </testcase> <!-- runScenario -->
  <testcase classname="io.cucumber.testng.AbstractTestNGCucumberTests" name="runScenario" time="5.749"/>
  <testcase classname="io.cucumber.testng.AbstractTestNGCucumberTests" name="runScenario" time="5.995">
    <failure type="java.lang.AssertionError" message="expected [Invalid Email] but found []">
      <![CDATA[java.lang.AssertionError: expected [Invalid Email] but found []
at stepDefinations.ContactTest.message_for_invalid_email_should_be_shown(ContactTest.java:58)
at ✽.message for invalid email should be shown(file:///D:/EclipseProjects/event-management-system/src/test/resources/features/contact.feature:17)
... Removed 6 stack frames]]>
    </failure>
  </testcase> <!-- runScenario -->
  <testcase classname="io.cucumber.testng.AbstractTestNGCucumberTests" name="runScenario" time="9.464"/>
</testsuite> <!-- LoginTest -->
