<html>
<head>
<title>TestNG:  LoginTest</title>
<link href="../testng.css" rel="stylesheet" type="text/css" />
<link href="../my-testng.css" rel="stylesheet" type="text/css" />

<style type="text/css">
.log { display: none;} 
.stack-trace { display: none;} 
</style>
<script type="text/javascript">
<!--
function flip(e) {
  current = e.style.display;
  if (current == 'block') {
    e.style.display = 'none';
    return 0;
  }
  else {
    e.style.display = 'block';
    return 1;
  }
}

function toggleBox(szDivId, elem, msg1, msg2)
{
  var res = -1;  if (document.getElementById) {
    res = flip(document.getElementById(szDivId));
  }
  else if (document.all) {
    // this is the way old msie versions work
    res = flip(document.all[szDivId]);
  }
  if(elem) {
    if(res == 0) elem.innerHTML = msg1; else elem.innerHTML = msg2;
  }

}

function toggleAllBoxes() {
  if (document.getElementsByTagName) {
    d = document.getElementsByTagName('div');
    for (i = 0; i < d.length; i++) {
      if (d[i].className == 'log') {
        flip(d[i]);
      }
    }
  }
}

// -->
</script>

</head>
<body>
<h2 align='center'>LoginTest</h2><table border='1' align="center">
<tr>
<td>Tests passed/Failed/Skipped:</td><td>4/5/0</td>
</tr><tr>
<td>Started on:</td><td>Fri Aug 08 14:59:06 IST 2025</td>
</tr>
<tr><td>Total time:</td><td>68 seconds (68230 ms)</td>
</tr><tr>
<td>Included groups:</td><td></td>
</tr><tr>
<td>Excluded groups:</td><td></td>
</tr>
</table><p/>
<small><i>(Hover the method name to see the test class name)</i></small><p/>
<table width='100%' border='1' class='invocation-failed'>
<tr><td colspan='4' align='center'><b>FAILED TESTS</b></td></tr>
<tr><td><b>Test method</b></td>
<td><b>Attribute(s)</b></td>
<td width="30%"><b>Exception</b></td>
<td width="10%"><b>Time (seconds)</b></td>
<td><b>Instance</b></td>
</tr>
<tr>
<td title='runners.TestNGRunner.runScenario()'><b>runScenario</b><br>Test class: runners.TestNGRunner<br>Test method: Runs Cucumber Scenarios<br>Parameters: "Submit booking form with invalid email", "Event Booking Functionality"</td>
<td><div><pre>java.lang.AssertionError: expected [Invalid Email Id] but found []
	at stepDefinations.BookingTest.validation_error_for_invalid_email_id_should_be_shown(BookingTest.java:95)
	at ✽.validation error for invalid email id should be shown(file:///D:/EclipseProjects/event-management-system/src/test/resources/features/booking.feature:23)
... Removed 6 stack frames</pre></div><a href='#' onClick='toggleBox("stack-trace128403058", this, "Click to show all stack frames", "Click to hide stack frames")'>Click to show all stack frames</a>
<div class='stack-trace' id='stack-trace128403058'><pre>java.lang.AssertionError: expected [Invalid Email Id] but found []
	at org.testng.Assert.fail(Assert.java:110)
	at org.testng.Assert.failNotEquals(Assert.java:1413)
	at org.testng.Assert.assertEqualsImpl(Assert.java:149)
	at org.testng.Assert.assertEquals(Assert.java:131)
	at org.testng.Assert.assertEquals(Assert.java:655)
	at org.testng.Assert.assertEquals(Assert.java:665)
	at stepDefinations.BookingTest.validation_error_for_invalid_email_id_should_be_shown(BookingTest.java:95)
	at ✽.validation error for invalid email id should be shown(file:///D:/EclipseProjects/event-management-system/src/test/resources/features/booking.feature:23)
</pre></div></td>
<td>7</td>
<td>runners.TestNGRunner@74235045</td></tr>
<tr>
<td title='runners.TestNGRunner.runScenario()'><b>runScenario</b><br>Test class: runners.TestNGRunner<br>Test method: Runs Cucumber Scenarios<br>Parameters: "Submit booking form with zero guests", "Event Booking Functionality"</td>
<td><div><pre>java.lang.AssertionError: expected [Guests Cannot be Zero] but found []
	at stepDefinations.BookingTest.validation_error_for_guests_should_be_shown(BookingTest.java:110)
	at ✽.validation error for 0 guests should be shown(file:///D:/EclipseProjects/event-management-system/src/test/resources/features/booking.feature:29)
... Removed 6 stack frames</pre></div><a href='#' onClick='toggleBox("stack-trace22737007", this, "Click to show all stack frames", "Click to hide stack frames")'>Click to show all stack frames</a>
<div class='stack-trace' id='stack-trace22737007'><pre>java.lang.AssertionError: expected [Guests Cannot be Zero] but found []
	at org.testng.Assert.fail(Assert.java:110)
	at org.testng.Assert.failNotEquals(Assert.java:1413)
	at org.testng.Assert.assertEqualsImpl(Assert.java:149)
	at org.testng.Assert.assertEquals(Assert.java:131)
	at org.testng.Assert.assertEquals(Assert.java:655)
	at org.testng.Assert.assertEquals(Assert.java:665)
	at stepDefinations.BookingTest.validation_error_for_guests_should_be_shown(BookingTest.java:110)
	at ✽.validation error for 0 guests should be shown(file:///D:/EclipseProjects/event-management-system/src/test/resources/features/booking.feature:29)
</pre></div></td>
<td>6</td>
<td>runners.TestNGRunner@74235045</td></tr>
<tr>
<td title='runners.TestNGRunner.runScenario()'><b>runScenario</b><br>Test class: runners.TestNGRunner<br>Test method: Runs Cucumber Scenarios<br>Parameters: "Submit booking form with invalid phone number", "Event Booking Functionality"</td>
<td><div><pre>java.lang.AssertionError: expected [Invalid Phone Number] but found []
	at stepDefinations.BookingTest.validation_error_for_invalid_phone_number_should_be_shown(BookingTest.java:124)
	at ✽.validation error for invalid phone number should be shown(file:///D:/EclipseProjects/event-management-system/src/test/resources/features/booking.feature:35)
... Removed 6 stack frames</pre></div><a href='#' onClick='toggleBox("stack-trace1807564872", this, "Click to show all stack frames", "Click to hide stack frames")'>Click to show all stack frames</a>
<div class='stack-trace' id='stack-trace1807564872'><pre>java.lang.AssertionError: expected [Invalid Phone Number] but found []
	at org.testng.Assert.fail(Assert.java:110)
	at org.testng.Assert.failNotEquals(Assert.java:1413)
	at org.testng.Assert.assertEqualsImpl(Assert.java:149)
	at org.testng.Assert.assertEquals(Assert.java:131)
	at org.testng.Assert.assertEquals(Assert.java:655)
	at org.testng.Assert.assertEquals(Assert.java:665)
	at stepDefinations.BookingTest.validation_error_for_invalid_phone_number_should_be_shown(BookingTest.java:124)
	at ✽.validation error for invalid phone number should be shown(file:///D:/EclipseProjects/event-management-system/src/test/resources/features/booking.feature:35)
</pre></div></td>
<td>6</td>
<td>runners.TestNGRunner@74235045</td></tr>
<tr>
<td title='runners.TestNGRunner.runScenario()'><b>runScenario</b><br>Test class: runners.TestNGRunner<br>Test method: Runs Cucumber Scenarios<br>Parameters: "Submit booking form with invalid pincode", "Event Booking Functionality"</td>
<td><div><pre>java.lang.AssertionError: expected [Invalid Pincode] but found []
	at stepDefinations.BookingTest.validation_error_for_invalid_pincode_should_be_shown(BookingTest.java:138)
	at ✽.validation error for invalid pincode should be shown(file:///D:/EclipseProjects/event-management-system/src/test/resources/features/booking.feature:41)
... Removed 6 stack frames</pre></div><a href='#' onClick='toggleBox("stack-trace1841925122", this, "Click to show all stack frames", "Click to hide stack frames")'>Click to show all stack frames</a>
<div class='stack-trace' id='stack-trace1841925122'><pre>java.lang.AssertionError: expected [Invalid Pincode] but found []
	at org.testng.Assert.fail(Assert.java:110)
	at org.testng.Assert.failNotEquals(Assert.java:1413)
	at org.testng.Assert.assertEqualsImpl(Assert.java:149)
	at org.testng.Assert.assertEquals(Assert.java:131)
	at org.testng.Assert.assertEquals(Assert.java:655)
	at org.testng.Assert.assertEquals(Assert.java:665)
	at stepDefinations.BookingTest.validation_error_for_invalid_pincode_should_be_shown(BookingTest.java:138)
	at ✽.validation error for invalid pincode should be shown(file:///D:/EclipseProjects/event-management-system/src/test/resources/features/booking.feature:41)
</pre></div></td>
<td>6</td>
<td>runners.TestNGRunner@74235045</td></tr>
<tr>
<td title='runners.TestNGRunner.runScenario()'><b>runScenario</b><br>Test class: runners.TestNGRunner<br>Test method: Runs Cucumber Scenarios<br>Parameters: "Submit Contact Us form with invalid email", "Contact Us Functionality"</td>
<td><div><pre>java.lang.AssertionError: expected [Invalid Email] but found []
	at stepDefinations.ContactTest.message_for_invalid_email_should_be_shown(ContactTest.java:58)
	at ✽.message for invalid email should be shown(file:///D:/EclipseProjects/event-management-system/src/test/resources/features/contact.feature:17)
... Removed 6 stack frames</pre></div><a href='#' onClick='toggleBox("stack-trace172465164", this, "Click to show all stack frames", "Click to hide stack frames")'>Click to show all stack frames</a>
<div class='stack-trace' id='stack-trace172465164'><pre>java.lang.AssertionError: expected [Invalid Email] but found []
	at org.testng.Assert.fail(Assert.java:110)
	at org.testng.Assert.failNotEquals(Assert.java:1413)
	at org.testng.Assert.assertEqualsImpl(Assert.java:149)
	at org.testng.Assert.assertEquals(Assert.java:131)
	at org.testng.Assert.assertEquals(Assert.java:655)
	at org.testng.Assert.assertEquals(Assert.java:665)
	at stepDefinations.ContactTest.message_for_invalid_email_should_be_shown(ContactTest.java:58)
	at ✽.message for invalid email should be shown(file:///D:/EclipseProjects/event-management-system/src/test/resources/features/contact.feature:17)
</pre></div></td>
<td>5</td>
<td>runners.TestNGRunner@74235045</td></tr>
</table><p>
<table width='100%' border='1' class='invocation-passed'>
<tr><td colspan='4' align='center'><b>PASSED TESTS</b></td></tr>
<tr><td><b>Test method</b></td>
<td><b>Attribute(s)</b></td>
<td width="30%"><b>Exception</b></td>
<td width="10%"><b>Time (seconds)</b></td>
<td><b>Instance</b></td>
</tr>
<tr>
<td title='runners.TestNGRunner.runScenario()'><b>runScenario</b><br>Test class: runners.TestNGRunner<br>Test method: Runs Cucumber Scenarios<br>Parameters: "Submit Contact Us form with empty name", "Contact Us Functionality"</td>
<td></td>
<td>5</td>
<td>runners.TestNGRunner@74235045</td></tr>
<tr>
<td title='runners.TestNGRunner.runScenario()'><b>runScenario</b><br>Test class: runners.TestNGRunner<br>Test method: Runs Cucumber Scenarios<br>Parameters: "Book the event with all valid details", "Event Booking Functionality"</td>
<td></td>
<td>11</td>
<td>runners.TestNGRunner@74235045</td></tr>
<tr>
<td title='runners.TestNGRunner.runScenario()'><b>runScenario</b><br>Test class: runners.TestNGRunner<br>Test method: Runs Cucumber Scenarios<br>Parameters: "Submit booking form with missing first name", "Event Booking Functionality"</td>
<td></td>
<td>6</td>
<td>runners.TestNGRunner@74235045</td></tr>
<tr>
<td title='runners.TestNGRunner.runScenario()'><b>runScenario</b><br>Test class: runners.TestNGRunner<br>Test method: Runs Cucumber Scenarios<br>Parameters: "Get status if message is sent successfully", "Contact Us Functionality"</td>
<td></td>
<td>9</td>
<td>runners.TestNGRunner@74235045</td></tr>
</table><p>
</body>
</html>