-------------------------------------------------------------------------------
Test set: TestSuite
-------------------------------------------------------------------------------
Tests run: 9, Failures: 5, Errors: 0, Skipped: 0, Time elapsed: 82.29 s <<< FAILURE! -- in TestSuite
runners.TestNGRunner.runScenario["Submit booking form with invalid email", "Event Booking Functionality"](3) -- Time elapsed: 7.718 s <<< FAILURE!
java.lang.AssertionError: expected [Invalid Email Id] but found []
	at org.testng.Assert.fail(Assert.java:110)
	at org.testng.Assert.failNotEquals(Assert.java:1413)
	at org.testng.Assert.assertEqualsImpl(Assert.java:149)
	at org.testng.Assert.assertEquals(Assert.java:131)
	at org.testng.Assert.assertEquals(Assert.java:655)
	at org.testng.Assert.assertEquals(Assert.java:665)
	at stepDefinations.BookingTest.validation_error_for_invalid_email_id_should_be_shown(BookingTest.java:95)
	at ✽.validation error for invalid email id should be shown(file:///D:/EclipseProjects/event-management-system/src/test/resources/features/booking.feature:23)

runners.TestNGRunner.runScenario["Submit booking form with zero guests", "Event Booking Functionality"](4) -- Time elapsed: 7.597 s <<< FAILURE!
java.lang.AssertionError: expected [Guests Cannot be Zero] but found []
	at org.testng.Assert.fail(Assert.java:110)
	at org.testng.Assert.failNotEquals(Assert.java:1413)
	at org.testng.Assert.assertEqualsImpl(Assert.java:149)
	at org.testng.Assert.assertEquals(Assert.java:131)
	at org.testng.Assert.assertEquals(Assert.java:655)
	at org.testng.Assert.assertEquals(Assert.java:665)
	at stepDefinations.BookingTest.validation_error_for_guests_should_be_shown(BookingTest.java:110)
	at ✽.validation error for 0 guests should be shown(file:///D:/EclipseProjects/event-management-system/src/test/resources/features/booking.feature:29)

runners.TestNGRunner.runScenario["Submit booking form with invalid phone number", "Event Booking Functionality"](5) -- Time elapsed: 7.659 s <<< FAILURE!
java.lang.AssertionError: expected [Invalid Phone Number] but found []
	at org.testng.Assert.fail(Assert.java:110)
	at org.testng.Assert.failNotEquals(Assert.java:1413)
	at org.testng.Assert.assertEqualsImpl(Assert.java:149)
	at org.testng.Assert.assertEquals(Assert.java:131)
	at org.testng.Assert.assertEquals(Assert.java:655)
	at org.testng.Assert.assertEquals(Assert.java:665)
	at stepDefinations.BookingTest.validation_error_for_invalid_phone_number_should_be_shown(BookingTest.java:124)
	at ✽.validation error for invalid phone number should be shown(file:///D:/EclipseProjects/event-management-system/src/test/resources/features/booking.feature:35)

runners.TestNGRunner.runScenario["Submit booking form with invalid pincode", "Event Booking Functionality"](6) -- Time elapsed: 7.362 s <<< FAILURE!
java.lang.AssertionError: expected [Invalid Pincode] but found []
	at org.testng.Assert.fail(Assert.java:110)
	at org.testng.Assert.failNotEquals(Assert.java:1413)
	at org.testng.Assert.assertEqualsImpl(Assert.java:149)
	at org.testng.Assert.assertEquals(Assert.java:131)
	at org.testng.Assert.assertEquals(Assert.java:655)
	at org.testng.Assert.assertEquals(Assert.java:665)
	at stepDefinations.BookingTest.validation_error_for_invalid_pincode_should_be_shown(BookingTest.java:138)
	at ✽.validation error for invalid pincode should be shown(file:///D:/EclipseProjects/event-management-system/src/test/resources/features/booking.feature:41)

runners.TestNGRunner.runScenario["Submit Contact Us form with invalid email", "Contact Us Functionality"](8) -- Time elapsed: 6.417 s <<< FAILURE!
java.lang.AssertionError: expected [Invalid Email] but found []
	at org.testng.Assert.fail(Assert.java:110)
	at org.testng.Assert.failNotEquals(Assert.java:1413)
	at org.testng.Assert.assertEqualsImpl(Assert.java:149)
	at org.testng.Assert.assertEquals(Assert.java:131)
	at org.testng.Assert.assertEquals(Assert.java:655)
	at org.testng.Assert.assertEquals(Assert.java:665)
	at stepDefinations.ContactTest.message_for_invalid_email_should_be_shown(ContactTest.java:58)
	at ✽.message for invalid email should be shown(file:///D:/EclipseProjects/event-management-system/src/test/resources/features/contact.feature:17)

