<?xml version="1.0" encoding="UTF-8"?>
<!-- Generated by org.testng.reporters.JUnitReportReporter -->
<testsuite hostname="HP-15s" failures="5" tests="9" name="runners.TestNGRunner" time="76.912" errors="0" timestamp="2025-08-08T13:23:43 IST" skipped="0">
  <testcase classname="runners.TestNGRunner" name="runScenario" time="15.307"/>
  <system-out/>
  <testcase classname="runners.TestNGRunner" name="runScenario" time="9.767"/>
  <system-out/>
  <testcase classname="runners.TestNGRunner" name="runScenario" time="8.178">
    <failure message="expected [Invalid Email Id] but found []" type="java.lang.AssertionError">
      <![CDATA[java.lang.AssertionError: expected [Invalid Email Id] but found []
at org.testng.Assert.fail(Assert.java:110)
at org.testng.Assert.failNotEquals(Assert.java:1413)
at org.testng.Assert.assertEqualsImpl(Assert.java:149)
at org.testng.Assert.assertEquals(Assert.java:131)
at org.testng.Assert.assertEquals(Assert.java:655)
at org.testng.Assert.assertEquals(Assert.java:665)
at stepDefinations.BookingTest.validation_error_for_invalid_email_id_should_be_shown(BookingTest.java:95)
at ✽.validation error for invalid email id should be shown(file:///D:/EclipseProjects/event-management-system/src/test/resources/features/booking.feature:23)
]]>
    </failure>
  </testcase> <!-- runScenario -->
  <system-out/>
  <testcase classname="runners.TestNGRunner" name="runScenario" time="6.151"/>
  <system-out/>
  <testcase classname="runners.TestNGRunner" name="runScenario" time="9.074">
    <failure message="expected [Guests Cannot be Zero] but found []" type="java.lang.AssertionError">
      <![CDATA[java.lang.AssertionError: expected [Guests Cannot be Zero] but found []
at org.testng.Assert.fail(Assert.java:110)
at org.testng.Assert.failNotEquals(Assert.java:1413)
at org.testng.Assert.assertEqualsImpl(Assert.java:149)
at org.testng.Assert.assertEquals(Assert.java:131)
at org.testng.Assert.assertEquals(Assert.java:655)
at org.testng.Assert.assertEquals(Assert.java:665)
at stepDefinations.BookingTest.validation_error_for_guests_should_be_shown(BookingTest.java:110)
at ✽.validation error for 0 guests should be shown(file:///D:/EclipseProjects/event-management-system/src/test/resources/features/booking.feature:29)
]]>
    </failure>
  </testcase> <!-- runScenario -->
  <system-out/>
  <testcase classname="runners.TestNGRunner" name="runScenario" time="7.302">
    <failure message="expected [Invalid Pincode] but found []" type="java.lang.AssertionError">
      <![CDATA[java.lang.AssertionError: expected [Invalid Pincode] but found []
at org.testng.Assert.fail(Assert.java:110)
at org.testng.Assert.failNotEquals(Assert.java:1413)
at org.testng.Assert.assertEqualsImpl(Assert.java:149)
at org.testng.Assert.assertEquals(Assert.java:131)
at org.testng.Assert.assertEquals(Assert.java:655)
at org.testng.Assert.assertEquals(Assert.java:665)
at stepDefinations.BookingTest.validation_error_for_invalid_pincode_should_be_shown(BookingTest.java:138)
at ✽.validation error for invalid pincode should be shown(file:///D:/EclipseProjects/event-management-system/src/test/resources/features/booking.feature:41)
]]>
    </failure>
  </testcase> <!-- runScenario -->
  <system-out/>
  <testcase classname="runners.TestNGRunner" name="runScenario" time="7.258"/>
  <system-out/>
  <testcase classname="runners.TestNGRunner" name="runScenario" time="7.450">
    <failure message="expected [Invalid Phone Number] but found []" type="java.lang.AssertionError">
      <![CDATA[java.lang.AssertionError: expected [Invalid Phone Number] but found []
at org.testng.Assert.fail(Assert.java:110)
at org.testng.Assert.failNotEquals(Assert.java:1413)
at org.testng.Assert.assertEqualsImpl(Assert.java:149)
at org.testng.Assert.assertEquals(Assert.java:131)
at org.testng.Assert.assertEquals(Assert.java:655)
at org.testng.Assert.assertEquals(Assert.java:665)
at stepDefinations.BookingTest.validation_error_for_invalid_phone_number_should_be_shown(BookingTest.java:124)
at ✽.validation error for invalid phone number should be shown(file:///D:/EclipseProjects/event-management-system/src/test/resources/features/booking.feature:35)
]]>
    </failure>
  </testcase> <!-- runScenario -->
  <system-out/>
  <testcase classname="runners.TestNGRunner" name="runScenario" time="6.425">
    <failure message="expected [Invalid Email] but found []" type="java.lang.AssertionError">
      <![CDATA[java.lang.AssertionError: expected [Invalid Email] but found []
at org.testng.Assert.fail(Assert.java:110)
at org.testng.Assert.failNotEquals(Assert.java:1413)
at org.testng.Assert.assertEqualsImpl(Assert.java:149)
at org.testng.Assert.assertEquals(Assert.java:131)
at org.testng.Assert.assertEquals(Assert.java:655)
at org.testng.Assert.assertEquals(Assert.java:665)
at stepDefinations.ContactTest.message_for_invalid_email_should_be_shown(ContactTest.java:58)
at ✽.message for invalid email should be shown(file:///D:/EclipseProjects/event-management-system/src/test/resources/features/contact.feature:17)
]]>
    </failure>
  </testcase> <!-- runScenario -->
  <system-out/>
</testsuite> <!-- runners.TestNGRunner -->
